<?xml version="1.0" encoding="UTF-8"?>
<testsuite name="Tests" tests="1" skipped="0" failures="0" errors="0" timestamp="2023-01-07T12:06:17" hostname="LAPTOP-FF96QAGC" time="0.628">
  <properties/>
  <testcase name="start" classname="Tests" time="0.628"/>
  <system-out><![CDATA[?[1;31m
Start test 1?[0m

  1 2 3 4 5 6 7 8 9 10
A ~ ~ ~ ~ ~ ~ ~ ~ ~ ~
B ~ ~ ~ ~ ~ ~ ~ ~ ~ ~
C ~ ~ ~ ~ ~ ~ ~ ~ ~ ~
D ~ ~ ~ ~ ~ ~ ~ ~ ~ ~
E ~ ~ ~ ~ ~ ~ ~ ~ ~ ~
F ~ ~ ~ ~ ~ ~ ~ ~ ~ ~
G ~ ~ ~ ~ ~ ~ ~ ~ ~ ~
H ~ ~ ~ ~ ~ ~ ~ ~ ~ ~
I ~ ~ ~ ~ ~ ~ ~ ~ ~ ~
J ~ ~ ~ ~ ~ ~ ~ ~ ~ ~
Enter the coordinates of the Aircraft Carrier(5 cells):
> F3 F7

  1 2 3 4 5 6 7 8 9 10
A ~ ~ ~ ~ ~ ~ ~ ~ ~ ~
B ~ ~ ~ ~ ~ ~ ~ ~ ~ ~
C ~ ~ ~ ~ ~ ~ ~ ~ ~ ~
D ~ ~ ~ ~ ~ ~ ~ ~ ~ ~
E ~ ~ ~ ~ ~ ~ ~ ~ ~ ~
F ~ ~ O O O O O ~ ~ ~
G ~ ~ ~ ~ ~ ~ ~ ~ ~ ~
H ~ ~ ~ ~ ~ ~ ~ ~ ~ ~
I ~ ~ ~ ~ ~ ~ ~ ~ ~ ~
J ~ ~ ~ ~ ~ ~ ~ ~ ~ ~
Enter the coordinates of the Battleship(4 cells):
> A1 D1

  1 2 3 4 5 6 7 8 9 10
A O ~ ~ ~ ~ ~ ~ ~ ~ ~
B O ~ ~ ~ ~ ~ ~ ~ ~ ~
C O ~ ~ ~ ~ ~ ~ ~ ~ ~
D O ~ ~ ~ ~ ~ ~ ~ ~ ~
E ~ ~ ~ ~ ~ ~ ~ ~ ~ ~
F ~ ~ O O O O O ~ ~ ~
G ~ ~ ~ ~ ~ ~ ~ ~ ~ ~
H ~ ~ ~ ~ ~ ~ ~ ~ ~ ~
I ~ ~ ~ ~ ~ ~ ~ ~ ~ ~
J ~ ~ ~ ~ ~ ~ ~ ~ ~ ~
Enter the coordinates of the Submarine(3 cells):
> J7 J10
x1 9
y1 6
x2 9
y2 9
abs(x2-x1) 0
abs(y2-y1)3

Error! Wrong length of the Submarine! Try again:
> J10 J8

  1 2 3 4 5 6 7 8 9 10
A O ~ ~ ~ ~ ~ ~ ~ ~ ~
B O ~ ~ ~ ~ ~ ~ ~ ~ ~
C O ~ ~ ~ ~ ~ ~ ~ ~ ~
D O ~ ~ ~ ~ ~ ~ ~ ~ ~
E ~ ~ ~ ~ ~ ~ ~ ~ ~ ~
F ~ ~ O O O O O ~ ~ ~
G ~ ~ ~ ~ ~ ~ ~ ~ ~ ~
H ~ ~ ~ ~ ~ ~ ~ ~ ~ ~
I ~ ~ ~ ~ ~ ~ ~ ~ ~ ~
J ~ ~ ~ ~ ~ ~ ~ O O O
Enter the coordinates of the Cruiser(3 cells):
> B9 D8

Error! Wrong ship location! Try again:
> B9 D9

  1 2 3 4 5 6 7 8 9 10
A O ~ ~ ~ ~ ~ ~ ~ ~ ~
B O ~ ~ ~ ~ ~ ~ ~ O ~
C O ~ ~ ~ ~ ~ ~ ~ O ~
D O ~ ~ ~ ~ ~ ~ ~ O ~
E ~ ~ ~ ~ ~ ~ ~ ~ ~ ~
F ~ ~ O O O O O ~ ~ ~
G ~ ~ ~ ~ ~ ~ ~ ~ ~ ~
H ~ ~ ~ ~ ~ ~ ~ ~ ~ ~
I ~ ~ ~ ~ ~ ~ ~ ~ ~ ~
J ~ ~ ~ ~ ~ ~ ~ O O O
Enter the coordinates of the Destroyer(2 cells):
> E6 D6
Error! You placed it too close to another one. Try again:
> I2 J2

  1 2 3 4 5 6 7 8 9 10
A O ~ ~ ~ ~ ~ ~ ~ ~ ~
B O ~ ~ ~ ~ ~ ~ ~ O ~
C O ~ ~ ~ ~ ~ ~ ~ O ~
D O ~ ~ ~ ~ ~ ~ ~ O ~
E ~ ~ ~ ~ ~ ~ ~ ~ ~ ~
F ~ ~ O O O O O ~ ~ ~
G ~ ~ ~ ~ ~ ~ ~ ~ ~ ~
H ~ ~ ~ ~ ~ ~ ~ ~ ~ ~
I ~ O ~ ~ ~ ~ ~ ~ ~ ~
J ~ O ~ ~ ~ ~ ~ O O O
?[1;31m
Start test 2?[0m

  1 2 3 4 5 6 7 8 9 10
A ~ ~ ~ ~ ~ ~ ~ ~ ~ ~
B ~ ~ ~ ~ ~ ~ ~ ~ ~ ~
C ~ ~ ~ ~ ~ ~ ~ ~ ~ ~
D ~ ~ ~ ~ ~ ~ ~ ~ ~ ~
E ~ ~ ~ ~ ~ ~ ~ ~ ~ ~
F ~ ~ ~ ~ ~ ~ ~ ~ ~ ~
G ~ ~ ~ ~ ~ ~ ~ ~ ~ ~
H ~ ~ ~ ~ ~ ~ ~ ~ ~ ~
I ~ ~ ~ ~ ~ ~ ~ ~ ~ ~
J ~ ~ ~ ~ ~ ~ ~ ~ ~ ~
Enter the coordinates of the Aircraft Carrier(5 cells):
> J3 J7

  1 2 3 4 5 6 7 8 9 10
A ~ ~ ~ ~ ~ ~ ~ ~ ~ ~
B ~ ~ ~ ~ ~ ~ ~ ~ ~ ~
C ~ ~ ~ ~ ~ ~ ~ ~ ~ ~
D ~ ~ ~ ~ ~ ~ ~ ~ ~ ~
E ~ ~ ~ ~ ~ ~ ~ ~ ~ ~
F ~ ~ ~ ~ ~ ~ ~ ~ ~ ~
G ~ ~ ~ ~ ~ ~ ~ ~ ~ ~
H ~ ~ ~ ~ ~ ~ ~ ~ ~ ~
I ~ ~ ~ ~ ~ ~ ~ ~ ~ ~
J ~ ~ O O O O O ~ ~ ~
Enter the coordinates of the Battleship(4 cells):
> C8 B8
x1 2
y1 7
x2 1
y2 7
abs(x2-x1) 1
abs(y2-y1)0

Error! Wrong length of the Battleship! Try again:
> C8 F8

  1 2 3 4 5 6 7 8 9 10
A ~ ~ ~ ~ ~ ~ ~ ~ ~ ~
B ~ ~ ~ ~ ~ ~ ~ ~ ~ ~
C ~ ~ ~ ~ ~ ~ ~ O ~ ~
D ~ ~ ~ ~ ~ ~ ~ O ~ ~
E ~ ~ ~ ~ ~ ~ ~ O ~ ~
F ~ ~ ~ ~ ~ ~ ~ O ~ ~
G ~ ~ ~ ~ ~ ~ ~ ~ ~ ~
H ~ ~ ~ ~ ~ ~ ~ ~ ~ ~
I ~ ~ ~ ~ ~ ~ ~ ~ ~ ~
J ~ ~ O O O O O ~ ~ ~
Enter the coordinates of the Submarine(3 cells):
> A1 C2

Error! Wrong ship location! Try again:
> A1 C1

  1 2 3 4 5 6 7 8 9 10
A O ~ ~ ~ ~ ~ ~ ~ ~ ~
B O ~ ~ ~ ~ ~ ~ ~ ~ ~
C O ~ ~ ~ ~ ~ ~ O ~ ~
D ~ ~ ~ ~ ~ ~ ~ O ~ ~
E ~ ~ ~ ~ ~ ~ ~ O ~ ~
F ~ ~ ~ ~ ~ ~ ~ O ~ ~
G ~ ~ ~ ~ ~ ~ ~ ~ ~ ~
H ~ ~ ~ ~ ~ ~ ~ ~ ~ ~
I ~ ~ ~ ~ ~ ~ ~ ~ ~ ~
J ~ ~ O O O O O ~ ~ ~
Enter the coordinates of the Cruiser(3 cells):
> H1 H3

  1 2 3 4 5 6 7 8 9 10
A O ~ ~ ~ ~ ~ ~ ~ ~ ~
B O ~ ~ ~ ~ ~ ~ ~ ~ ~
C O ~ ~ ~ ~ ~ ~ O ~ ~
D ~ ~ ~ ~ ~ ~ ~ O ~ ~
E ~ ~ ~ ~ ~ ~ ~ O ~ ~
F ~ ~ ~ ~ ~ ~ ~ O ~ ~
G ~ ~ ~ ~ ~ ~ ~ ~ ~ ~
H O O O ~ ~ ~ ~ ~ ~ ~
I ~ ~ ~ ~ ~ ~ ~ ~ ~ ~
J ~ ~ O O O O O ~ ~ ~
Enter the coordinates of the Destroyer(2 cells):
> G2 E2
x1 6
y1 1
x2 4
y2 1
abs(x2-x1) 2
abs(y2-y1)0

Error! Wrong length of the Destroyer! Try again:
> B5 C5

  1 2 3 4 5 6 7 8 9 10
A O ~ ~ ~ ~ ~ ~ ~ ~ ~
B O ~ ~ ~ O ~ ~ ~ ~ ~
C O ~ ~ ~ O ~ ~ O ~ ~
D ~ ~ ~ ~ ~ ~ ~ O ~ ~
E ~ ~ ~ ~ ~ ~ ~ O ~ ~
F ~ ~ ~ ~ ~ ~ ~ O ~ ~
G ~ ~ ~ ~ ~ ~ ~ ~ ~ ~
H O O O ~ ~ ~ ~ ~ ~ ~
I ~ ~ ~ ~ ~ ~ ~ ~ ~ ~
J ~ ~ O O O O O ~ ~ ~
]]></system-out>
  <system-err><![CDATA[]]></system-err>
</testsuite>
